[debug] [2021-03-05T01:18:30.004Z] ----------------------------------------------------------------------
[debug] [2021-03-05T01:18:30.005Z] Command:       C:\Program Files (x86)\nodejs\node.exe C:\Users\Ruben\AppData\Roaming\npm\node_modules\firebase-tools\lib\bin\firebase.js init
[debug] [2021-03-05T01:18:30.006Z] CLI Version:   9.5.0
[debug] [2021-03-05T01:18:30.006Z] Platform:      win32
[debug] [2021-03-05T01:18:30.006Z] Node Version:  v10.16.3
[debug] [2021-03-05T01:18:30.007Z] Time:          Thu Mar 04 2021 19:18:30 GMT-0600 (Central Standard Time)
[debug] [2021-03-05T01:18:30.007Z] ----------------------------------------------------------------------
[debug] [2021-03-05T01:18:30.007Z] 
[debug] [2021-03-05T01:18:30.017Z] >>> [apiv2][query] GET https://firebase-public.firebaseio.com/cli.json [none]
[debug] [2021-03-05T01:18:30.050Z] > command requires scopes: ["email","openid","https://www.googleapis.com/auth/cloudplatformprojects.readonly","https://www.googleapis.com/auth/firebase","https://www.googleapis.com/auth/cloud-platform"]
[debug] [2021-03-05T01:18:30.051Z] > authorizing via signed-in user
[info] 
     ######## #### ########  ######## ########     ###     ######  ########
     ##        ##  ##     ## ##       ##     ##  ##   ##  ##       ##
     ######    ##  ########  ######   ########  #########  ######  ######
     ##        ##  ##    ##  ##       ##     ## ##     ##       ## ##
     ##       #### ##     ## ######## ########  ##     ##  ######  ########

You're about to initialize a Firebase project in this directory:

  E:\Ruben\Programming\Web\React\feeding

[debug] [2021-03-05T01:18:30.183Z] <<< [apiv2][status] GET https://firebase-public.firebaseio.com/cli.json 200
[debug] [2021-03-05T01:18:30.183Z] <<< [apiv2][body] GET https://firebase-public.firebaseio.com/cli.json {"cloudBuildErrorAfter":1594252800000,"cloudBuildWarnAfter":1590019200000,"defaultNode10After":1594252800000,"minVersion":"3.0.5","node8DeploysDisabledAfter":1613390400000,"node8RuntimeDisabledAfter":1615809600000,"node8WarnAfter":1600128000000}
